TN:
SF:/Users/gj870q/Documents/yp/git/express-app-testing-demo/app/jsonp_helper.js
FN:1,(anonymous_1)
FNF:1
FNH:1
FNDA:9,(anonymous_1)
DA:1,1
DA:3,9
DA:4,9
DA:5,9
DA:6,9
DA:9,9
DA:11,9
DA:14,2
DA:15,2
DA:21,1
LF:10
LH:10
BRF:0
BRH:0
end_of_record
TN:
SF:/Users/gj870q/Documents/yp/git/express-app-testing-demo/app/app.js
FN:27,(anonymous_1)
FN:55,(anonymous_2)
FNF:2
FNH:2
FNDA:2,(anonymous_1)
FNDA:1,(anonymous_2)
DA:1,1
DA:2,1
DA:4,1
DA:5,1
DA:11,1
DA:12,1
DA:13,1
DA:19,1
DA:20,1
DA:21,1
DA:27,1
DA:29,2
DA:30,2
DA:32,2
DA:42,2
DA:43,1
DA:48,1
DA:49,0
DA:50,0
DA:55,1
DA:57,1
DA:59,0
DA:62,1
DA:63,1
DA:64,1
DA:75,1
DA:76,1
DA:77,1
LF:28
LH:25
BRDA:33,1,0,2
BRDA:33,1,1,1
BRDA:34,2,0,2
BRDA:34,2,1,1
BRDA:42,3,0,1
BRDA:42,3,1,1
BRDA:42,4,0,2
BRDA:42,4,1,1
BRDA:48,5,0,0
BRDA:48,5,1,1
BRDA:57,6,0,0
BRDA:57,6,1,1
BRDA:75,7,0,1
BRDA:75,7,1,1
BRF:14
BRH:12
end_of_record
TN:
SF:/Users/gj870q/Documents/yp/git/express-app-testing-demo/app/form_validator.js
FN:1,(anonymous_1)
FN:8,(anonymous_2)
FN:13,(anonymous_3)
FNF:3
FNH:3
FNDA:8,(anonymous_1)
FNDA:6,(anonymous_2)
FNDA:4,(anonymous_3)
DA:1,1
DA:3,8
DA:4,8
DA:8,1
DA:9,6
DA:13,1
DA:14,4
DA:18,1
LF:8
LH:8
BRDA:9,1,0,6
BRDA:9,1,1,3
BRDA:14,2,0,4
BRDA:14,2,1,3
BRF:4
BRH:4
end_of_record
TN:
SF:/Users/gj870q/Documents/yp/git/express-app-testing-demo/app/photo_model.js
FN:5,(anonymous_1)
FN:17,(anonymous_2)
FN:26,(anonymous_3)
FNF:3
FNH:3
FNDA:4,(anonymous_1)
FNDA:4,(anonymous_2)
FNDA:4,(anonymous_3)
DA:1,1
DA:2,1
DA:5,1
DA:7,4
DA:17,4
DA:19,4
DA:21,3
DA:23,3
DA:24,2
DA:26,2
DA:27,4
DA:28,4
DA:31,2
DA:35,1
DA:40,1
DA:48,1
LF:16
LH:16
BRDA:19,1,0,3
BRDA:19,1,1,1
BRDA:19,2,0,4
BRDA:19,2,1,4
BRF:4
BRH:4
end_of_record
